This is pdfTeX, Version 3.141592653-2.6-1.40.22 (TeX Live 2022/dev/Debian) (preloaded format=pdflatex 2025.7.8)  4 AUG 2025 18:26
entering extended mode
 restricted \write18 enabled.
 %&-line parsing enabled.
**"/home/vyron/Desktop/LMU/AI_LAB/ParticlePhysicsLab/pp-lab-group-a/AI Lab 3 - PP/main.tex"
(/home/vyron/Desktop/LMU/AI_LAB/ParticlePhysicsLab/pp-lab-group-a/AI Lab 3 - PP/main.tex
LaTeX2e <2021-11-15> patch level 1
L3 programming layer <2022-01-21> (/usr/share/texlive/texmf-dist/tex/latex/base/article.cls
Document Class: article 2021/10/04 v1.4n Standard LaTeX document class
(/usr/share/texlive/texmf-dist/tex/latex/base/size11.clo
File: size11.clo 2021/10/04 v1.4n Standard LaTeX file (size option)
)
\c@part=\count185
\c@section=\count186
\c@subsection=\count187
\c@subsubsection=\count188
\c@paragraph=\count189
\c@subparagraph=\count190
\c@figure=\count191
\c@table=\count192
\abovecaptionskip=\skip47
\belowcaptionskip=\skip48
\bibindent=\dimen138
) (/usr/share/texlive/texmf-dist/tex/latex/base/inputenc.sty
Package: inputenc 2021/02/14 v1.3d Input encoding file
\inpenc@prehook=\toks16
\inpenc@posthook=\toks17
) (/usr/share/texlive/texmf-dist/tex/latex/base/fontenc.sty
Package: fontenc 2021/04/29 v2.0v Standard LaTeX package
) (/usr/share/texlive/texmf-dist/tex/latex/geometry/geometry.sty
Package: geometry 2020/01/02 v5.9 Page Geometry
 (/usr/share/texlive/texmf-dist/tex/latex/graphics/keyval.sty
Package: keyval 2014/10/28 v1.15 key=value parser (DPC)
\KV@toks@=\toks18
) (/usr/share/texlive/texmf-dist/tex/generic/iftex/ifvtex.sty
Package: ifvtex 2019/10/25 v1.7 ifvtex legacy package. Use iftex instead.
 (/usr/share/texlive/texmf-dist/tex/generic/iftex/iftex.sty
Package: iftex 2020/03/06 v1.0d TeX engine tests
))
\Gm@cnth=\count193
\Gm@cntv=\count194
\c@Gm@tempcnt=\count195
\Gm@bindingoffset=\dimen139
\Gm@wd@mp=\dimen140
\Gm@odd@mp=\dimen141
\Gm@even@mp=\dimen142
\Gm@layoutwidth=\dimen143
\Gm@layoutheight=\dimen144
\Gm@layouthoffset=\dimen145
\Gm@layoutvoffset=\dimen146
\Gm@dimlist=\toks19
) (/usr/share/texmf/tex/latex/lm/lmodern.sty
Package: lmodern 2009/10/30 v1.6 Latin Modern Fonts
LaTeX Font Info:    Overwriting symbol font `operators' in version `normal'
(Font)                  OT1/cmr/m/n --> OT1/lmr/m/n on input line 22.
LaTeX Font Info:    Overwriting symbol font `letters' in version `normal'
(Font)                  OML/cmm/m/it --> OML/lmm/m/it on input line 23.
LaTeX Font Info:    Overwriting symbol font `symbols' in version `normal'
(Font)                  OMS/cmsy/m/n --> OMS/lmsy/m/n on input line 24.
LaTeX Font Info:    Overwriting symbol font `largesymbols' in version `normal'
(Font)                  OMX/cmex/m/n --> OMX/lmex/m/n on input line 25.
LaTeX Font Info:    Overwriting symbol font `operators' in version `bold'
(Font)                  OT1/cmr/bx/n --> OT1/lmr/bx/n on input line 26.
LaTeX Font Info:    Overwriting symbol font `letters' in version `bold'
(Font)                  OML/cmm/b/it --> OML/lmm/b/it on input line 27.
LaTeX Font Info:    Overwriting symbol font `symbols' in version `bold'
(Font)                  OMS/cmsy/b/n --> OMS/lmsy/b/n on input line 28.
LaTeX Font Info:    Overwriting symbol font `largesymbols' in version `bold'
(Font)                  OMX/cmex/m/n --> OMX/lmex/m/n on input line 29.
LaTeX Font Info:    Overwriting math alphabet `\mathbf' in version `normal'
(Font)                  OT1/cmr/bx/n --> OT1/lmr/bx/n on input line 31.
LaTeX Font Info:    Overwriting math alphabet `\mathsf' in version `normal'
(Font)                  OT1/cmss/m/n --> OT1/lmss/m/n on input line 32.
LaTeX Font Info:    Overwriting math alphabet `\mathit' in version `normal'
(Font)                  OT1/cmr/m/it --> OT1/lmr/m/it on input line 33.
LaTeX Font Info:    Overwriting math alphabet `\mathtt' in version `normal'
(Font)                  OT1/cmtt/m/n --> OT1/lmtt/m/n on input line 34.
LaTeX Font Info:    Overwriting math alphabet `\mathbf' in version `bold'
(Font)                  OT1/cmr/bx/n --> OT1/lmr/bx/n on input line 35.
LaTeX Font Info:    Overwriting math alphabet `\mathsf' in version `bold'
(Font)                  OT1/cmss/bx/n --> OT1/lmss/bx/n on input line 36.
LaTeX Font Info:    Overwriting math alphabet `\mathit' in version `bold'
(Font)                  OT1/cmr/bx/it --> OT1/lmr/bx/it on input line 37.
LaTeX Font Info:    Overwriting math alphabet `\mathtt' in version `bold'
(Font)                  OT1/cmtt/m/n --> OT1/lmtt/m/n on input line 38.
) (/usr/share/texlive/texmf-dist/tex/latex/graphics/graphicx.sty
Package: graphicx 2021/09/16 v1.2d Enhanced LaTeX Graphics (DPC,SPQR)
 (/usr/share/texlive/texmf-dist/tex/latex/graphics/graphics.sty
Package: graphics 2021/03/04 v1.4d Standard LaTeX Graphics (DPC,SPQR)
 (/usr/share/texlive/texmf-dist/tex/latex/graphics/trig.sty
Package: trig 2021/08/11 v1.11 sin cos tan (DPC)
) (/usr/share/texlive/texmf-dist/tex/latex/graphics-cfg/graphics.cfg
File: graphics.cfg 2016/06/04 v1.11 sample graphics configuration
)
Package graphics Info: Driver file: pdftex.def on input line 107.
 (/usr/share/texlive/texmf-dist/tex/latex/graphics-def/pdftex.def
File: pdftex.def 2020/10/05 v1.2a Graphics/color driver for pdftex
))
\Gin@req@height=\dimen147
\Gin@req@width=\dimen148
) (/usr/share/texlive/texmf-dist/tex/latex/amsmath/amsmath.sty
Package: amsmath 2021/10/15 v2.17l AMS math features
\@mathmargin=\skip49

For additional information on amsmath, use the `?' option.
(/usr/share/texlive/texmf-dist/tex/latex/amsmath/amstext.sty
Package: amstext 2021/08/26 v2.01 AMS text
 (/usr/share/texlive/texmf-dist/tex/latex/amsmath/amsgen.sty
File: amsgen.sty 1999/11/30 v2.0 generic functions
\@emptytoks=\toks20
\ex@=\dimen149
)) (/usr/share/texlive/texmf-dist/tex/latex/amsmath/amsbsy.sty
Package: amsbsy 1999/11/29 v1.2d Bold Symbols
\pmbraise@=\dimen150
) (/usr/share/texlive/texmf-dist/tex/latex/amsmath/amsopn.sty
Package: amsopn 2021/08/26 v2.02 operator names
)
\inf@bad=\count196
LaTeX Info: Redefining \frac on input line 234.
\uproot@=\count197
\leftroot@=\count198
LaTeX Info: Redefining \overline on input line 399.
\classnum@=\count199
\DOTSCASE@=\count266
LaTeX Info: Redefining \ldots on input line 496.
LaTeX Info: Redefining \dots on input line 499.
LaTeX Info: Redefining \cdots on input line 620.
\Mathstrutbox@=\box50
\strutbox@=\box51
\big@size=\dimen151
LaTeX Font Info:    Redeclaring font encoding OML on input line 743.
LaTeX Font Info:    Redeclaring font encoding OMS on input line 744.
\macc@depth=\count267
\c@MaxMatrixCols=\count268
\dotsspace@=\muskip16
\c@parentequation=\count269
\dspbrk@lvl=\count270
\tag@help=\toks21
\row@=\count271
\column@=\count272
\maxfields@=\count273
\andhelp@=\toks22
\eqnshift@=\dimen152
\alignsep@=\dimen153
\tagshift@=\dimen154
\tagwidth@=\dimen155
\totwidth@=\dimen156
\lineht@=\dimen157
\@envbody=\toks23
\multlinegap=\skip50
\multlinetaggap=\skip51
\mathdisplay@stack=\toks24
LaTeX Info: Redefining \[ on input line 2938.
LaTeX Info: Redefining \] on input line 2939.
) (/usr/share/texlive/texmf-dist/tex/latex/amsfonts/amsfonts.sty
Package: amsfonts 2013/01/14 v3.01 Basic AMSFonts support
\symAMSa=\mathgroup4
\symAMSb=\mathgroup5
LaTeX Font Info:    Redeclaring math symbol \hbar on input line 98.
LaTeX Font Info:    Overwriting math alphabet `\mathfrak' in version `bold'
(Font)                  U/euf/m/n --> U/euf/b/n on input line 106.
) (/usr/share/texlive/texmf-dist/tex/latex/amsfonts/amssymb.sty
Package: amssymb 2013/01/14 v3.01 AMS font symbols
) (/usr/share/texlive/texmf-dist/tex/latex/booktabs/booktabs.sty
Package: booktabs 2020/01/12 v1.61803398 Publication quality tables
\heavyrulewidth=\dimen158
\lightrulewidth=\dimen159
\cmidrulewidth=\dimen160
\belowrulesep=\dimen161
\belowbottomsep=\dimen162
\aboverulesep=\dimen163
\abovetopsep=\dimen164
\cmidrulesep=\dimen165
\cmidrulekern=\dimen166
\defaultaddspace=\dimen167
\@cmidla=\count274
\@cmidlb=\count275
\@aboverulesep=\dimen168
\@belowrulesep=\dimen169
\@thisruleclass=\count276
\@lastruleclass=\count277
\@thisrulewidth=\dimen170
) (/usr/share/texlive/texmf-dist/tex/latex/lineno/lineno.sty
Package: lineno 2005/11/02 line numbers on paragraphs v4.41
\linenopenalty=\count278
\output=\toks25
\linenoprevgraf=\count279
\linenumbersep=\dimen171
\linenumberwidth=\dimen172
\c@linenumber=\count280
\c@pagewiselinenumber=\count281
\c@LN@truepage=\count282
\c@internallinenumber=\count283
\c@internallinenumbers=\count284
\quotelinenumbersep=\dimen173
\bframerule=\dimen174
\bframesep=\dimen175
\bframebox=\box52
LaTeX Info: Redefining \\ on input line 3056.
) (/usr/share/texlive/texmf-dist/tex/latex/setspace/setspace.sty
Package: setspace 2011/12/19 v6.7a set line spacing
) (/usr/share/texlive/texmf-dist/tex/latex/parskip/parskip.sty
Package: parskip 2021-03-14 v2.0h non-zero parskip adjustments
 (/usr/share/texlive/texmf-dist/tex/latex/kvoptions/kvoptions.sty
Package: kvoptions 2020-10-07 v3.14 Key value format for package options (HO)
 (/usr/share/texlive/texmf-dist/tex/generic/ltxcmds/ltxcmds.sty
Package: ltxcmds 2020-05-10 v1.25 LaTeX kernel commands for general use (HO)
) (/usr/share/texlive/texmf-dist/tex/generic/kvsetkeys/kvsetkeys.sty
Package: kvsetkeys 2019/12/15 v1.18 Key value parser (HO)
)) (/usr/share/texlive/texmf-dist/tex/latex/etoolbox/etoolbox.sty
Package: etoolbox 2020/10/05 v2.5k e-TeX tools for LaTeX (JAW)
\etb@tempcnta=\count285
)) (/usr/share/texlive/texmf-dist/tex/latex/physics/physics.sty
Package: physics 
 (/usr/share/texlive/texmf-dist/tex/latex/l3packages/xparse/xparse.sty (/usr/share/texlive/texmf-dist/tex/latex/l3kernel/expl3.sty
Package: expl3 2022-01-21 L3 programming layer (loader) 
 (/usr/share/texlive/texmf-dist/tex/latex/l3backend/l3backend-pdftex.def
File: l3backend-pdftex.def 2022-01-12 L3 backend support: PDF output (pdfTeX)
\l__color_backend_stack_int=\count286
\l__pdf_internal_box=\box53
))
Package: xparse 2022-01-12 L3 Experimental document command parser
)) (/usr/share/texlive/texmf-dist/tex/latex/enumitem/enumitem.sty
Package: enumitem 2019/06/20 v3.9 Customized lists
\labelindent=\skip52
\enit@outerparindent=\dimen176
\enit@toks=\toks26
\enit@inbox=\box54
\enit@count@id=\count287
\enitdp@description=\count288
) (/usr/share/texlive/texmf-dist/tex/latex/float/float.sty
Package: float 2001/11/08 v1.3d Float enhancements (AL)
\c@float@type=\count289
\float@exts=\toks27
\float@box=\box55
\@float@everytoks=\toks28
\@floatcapt=\box56
) (/usr/share/texlive/texmf-dist/tex/latex/hyperref/hyperref.sty
Package: hyperref 2021-06-07 v7.00m Hypertext links for LaTeX
 (/usr/share/texlive/texmf-dist/tex/generic/pdftexcmds/pdftexcmds.sty
Package: pdftexcmds 2020-06-27 v0.33 Utility functions of pdfTeX for LuaTeX (HO)
 (/usr/share/texlive/texmf-dist/tex/generic/infwarerr/infwarerr.sty
Package: infwarerr 2019/12/03 v1.5 Providing info/warning/error messages (HO)
)
Package pdftexcmds Info: \pdf@primitive is available.
Package pdftexcmds Info: \pdf@ifprimitive is available.
Package pdftexcmds Info: \pdfdraftmode found.
) (/usr/share/texlive/texmf-dist/tex/generic/kvdefinekeys/kvdefinekeys.sty
Package: kvdefinekeys 2019-12-19 v1.6 Define keys (HO)
) (/usr/share/texlive/texmf-dist/tex/generic/pdfescape/pdfescape.sty
Package: pdfescape 2019/12/09 v1.15 Implements pdfTeX's escape features (HO)
) (/usr/share/texlive/texmf-dist/tex/latex/hycolor/hycolor.sty
Package: hycolor 2020-01-27 v1.10 Color options for hyperref/bookmark (HO)
) (/usr/share/texlive/texmf-dist/tex/latex/letltxmacro/letltxmacro.sty
Package: letltxmacro 2019/12/03 v1.6 Let assignment for LaTeX macros (HO)
) (/usr/share/texlive/texmf-dist/tex/latex/auxhook/auxhook.sty
Package: auxhook 2019-12-17 v1.6 Hooks for auxiliary files (HO)
)
\@linkdim=\dimen177
\Hy@linkcounter=\count290
\Hy@pagecounter=\count291
 (/usr/share/texlive/texmf-dist/tex/latex/hyperref/pd1enc.def
File: pd1enc.def 2021-06-07 v7.00m Hyperref: PDFDocEncoding definition (HO)
Now handling font encoding PD1 ...
... no UTF-8 mapping file for font encoding PD1
) (/usr/share/texlive/texmf-dist/tex/latex/hyperref/hyperref-langpatches.def
File: hyperref-langpatches.def 2021-06-07 v7.00m Hyperref: patches for babel languages
) (/usr/share/texlive/texmf-dist/tex/generic/intcalc/intcalc.sty
Package: intcalc 2019/12/15 v1.3 Expandable calculations with integers (HO)
) (/usr/share/texlive/texmf-dist/tex/generic/etexcmds/etexcmds.sty
Package: etexcmds 2019/12/15 v1.7 Avoid name clashes with e-TeX commands (HO)
)
\Hy@SavedSpaceFactor=\count292
 (/usr/share/texlive/texmf-dist/tex/latex/hyperref/puenc.def
File: puenc.def 2021-06-07 v7.00m Hyperref: PDF Unicode definition (HO)
Now handling font encoding PU ...
... no UTF-8 mapping file for font encoding PU
)
Package hyperref Info: Option `colorlinks' set `true' on input line 4073.
Package hyperref Info: Hyper figures OFF on input line 4192.
Package hyperref Info: Link nesting OFF on input line 4197.
Package hyperref Info: Hyper index ON on input line 4200.
Package hyperref Info: Plain pages OFF on input line 4207.
Package hyperref Info: Backreferencing OFF on input line 4212.
Package hyperref Info: Implicit mode ON; LaTeX internals redefined.
Package hyperref Info: Bookmarks ON on input line 4445.
\c@Hy@tempcnt=\count293
 (/usr/share/texlive/texmf-dist/tex/latex/url/url.sty
\Urlmuskip=\muskip17
Package: url 2013/09/16  ver 3.4  Verb mode for urls, etc.
)
LaTeX Info: Redefining \url on input line 4804.
\XeTeXLinkMargin=\dimen178
 (/usr/share/texlive/texmf-dist/tex/generic/bitset/bitset.sty
Package: bitset 2019/12/09 v1.3 Handle bit-vector datatype (HO)
 (/usr/share/texlive/texmf-dist/tex/generic/bigintcalc/bigintcalc.sty
Package: bigintcalc 2019/12/15 v1.5 Expandable calculations on big integers (HO)
))
\Fld@menulength=\count294
\Field@Width=\dimen179
\Fld@charsize=\dimen180
Package hyperref Info: Hyper figures OFF on input line 6076.
Package hyperref Info: Link nesting OFF on input line 6081.
Package hyperref Info: Hyper index ON on input line 6084.
Package hyperref Info: backreferencing OFF on input line 6091.
Package hyperref Info: Link coloring ON on input line 6094.
Package hyperref Info: Link coloring with OCG OFF on input line 6101.
Package hyperref Info: PDF/A mode OFF on input line 6106.
LaTeX Info: Redefining \ref on input line 6146.
LaTeX Info: Redefining \pageref on input line 6150.
 (/usr/share/texlive/texmf-dist/tex/latex/base/atbegshi-ltx.sty
Package: atbegshi-ltx 2021/01/10 v1.0c Emulation of the original atbegshi
package with kernel methods
)
\Hy@abspage=\count295
\c@Item=\count296
\c@Hfootnote=\count297
)
Package hyperref Info: Driver (autodetected): hpdftex.
 (/usr/share/texlive/texmf-dist/tex/latex/hyperref/hpdftex.def
File: hpdftex.def 2021-06-07 v7.00m Hyperref driver for pdfTeX
 (/usr/share/texlive/texmf-dist/tex/latex/base/atveryend-ltx.sty
Package: atveryend-ltx 2020/08/19 v1.0a Emulation of the original atveryend package
with kernel methods
)
\Fld@listcount=\count298
\c@bookmark@seq@number=\count299
 (/usr/share/texlive/texmf-dist/tex/latex/rerunfilecheck/rerunfilecheck.sty
Package: rerunfilecheck 2019/12/05 v1.9 Rerun checks for auxiliary files (HO)
 (/usr/share/texlive/texmf-dist/tex/generic/uniquecounter/uniquecounter.sty
Package: uniquecounter 2019/12/15 v1.4 Provide unlimited unique counter (HO)
)
Package uniquecounter Info: New unique counter `rerunfilecheck' on input line 286.
)
\Hy@SectionHShift=\skip53
) (/usr/share/texlive/texmf-dist/tex/latex/listings/listings.sty
\lst@mode=\count300
\lst@gtempboxa=\box57
\lst@token=\toks29
\lst@length=\count301
\lst@currlwidth=\dimen181
\lst@column=\count302
\lst@pos=\count303
\lst@lostspace=\dimen182
\lst@width=\dimen183
\lst@newlines=\count304
\lst@lineno=\count305
\lst@maxwidth=\dimen184
 (/usr/share/texlive/texmf-dist/tex/latex/listings/lstmisc.sty
File: lstmisc.sty 2020/03/24 1.8d (Carsten Heinz)
\c@lstnumber=\count306
\lst@skipnumbers=\count307
\lst@framebox=\box58
) (/usr/share/texlive/texmf-dist/tex/latex/listings/listings.cfg
File: listings.cfg 2020/03/24 1.8d listings configuration
))
Package: listings 2020/03/24 1.8d (Carsten Heinz)
 (/usr/share/texlive/texmf-dist/tex/latex/xcolor/xcolor.sty
Package: xcolor 2021/10/31 v2.13 LaTeX color extensions (UK)
 (/usr/share/texlive/texmf-dist/tex/latex/graphics-cfg/color.cfg
File: color.cfg 2016/01/02 v1.6 sample color configuration
)
Package xcolor Info: Driver file: pdftex.def on input line 227.
Package xcolor Info: Model `cmy' substituted by `cmy0' on input line 1352.
Package xcolor Info: Model `hsb' substituted by `rgb' on input line 1356.
Package xcolor Info: Model `RGB' extended on input line 1368.
Package xcolor Info: Model `HTML' substituted by `rgb' on input line 1370.
Package xcolor Info: Model `Hsb' substituted by `hsb' on input line 1371.
Package xcolor Info: Model `tHsb' substituted by `hsb' on input line 1372.
Package xcolor Info: Model `HSB' substituted by `hsb' on input line 1373.
Package xcolor Info: Model `Gray' substituted by `gray' on input line 1374.
Package xcolor Info: Model `wave' substituted by `hsb' on input line 1375.
) (/usr/share/texlive/texmf-dist/tex/latex/listings/lstlang1.sty
File: lstlang1.sty 2020/03/24 1.8d listings language file
)
LaTeX Font Info:    Trying to load font information for T1+lmr on input line 45.
 (/usr/share/texmf/tex/latex/lm/t1lmr.fd
File: t1lmr.fd 2009/10/30 v1.6 Font defs for Latin Modern
) (./main.aux)
\openout1 = `main.aux'.

LaTeX Font Info:    Checking defaults for OML/cmm/m/it on input line 45.
LaTeX Font Info:    ... okay on input line 45.
LaTeX Font Info:    Checking defaults for OMS/cmsy/m/n on input line 45.
LaTeX Font Info:    ... okay on input line 45.
LaTeX Font Info:    Checking defaults for OT1/cmr/m/n on input line 45.
LaTeX Font Info:    ... okay on input line 45.
LaTeX Font Info:    Checking defaults for T1/cmr/m/n on input line 45.
LaTeX Font Info:    ... okay on input line 45.
LaTeX Font Info:    Checking defaults for TS1/cmr/m/n on input line 45.
LaTeX Font Info:    ... okay on input line 45.
LaTeX Font Info:    Checking defaults for OMX/cmex/m/n on input line 45.
LaTeX Font Info:    ... okay on input line 45.
LaTeX Font Info:    Checking defaults for U/cmr/m/n on input line 45.
LaTeX Font Info:    ... okay on input line 45.
LaTeX Font Info:    Checking defaults for PD1/pdf/m/n on input line 45.
LaTeX Font Info:    ... okay on input line 45.
LaTeX Font Info:    Checking defaults for PU/pdf/m/n on input line 45.
LaTeX Font Info:    ... okay on input line 45.

*geometry* driver: auto-detecting
*geometry* detected driver: pdftex
*geometry* verbose mode - [ preamble ] result:
* driver: pdftex
* paper: a4paper
* layout: <same size as paper>
* layoutoffset:(h,v)=(0.0pt,0.0pt)
* modes: 
* h-part:(L,W,R)=(71.13188pt, 455.24411pt, 71.13188pt)
* v-part:(T,H,B)=(71.13188pt, 702.78308pt, 71.13188pt)
* \paperwidth=597.50787pt
* \paperheight=845.04684pt
* \textwidth=455.24411pt
* \textheight=702.78308pt
* \oddsidemargin=-1.1381pt
* \evensidemargin=-1.1381pt
* \topmargin=-38.1381pt
* \headheight=12.0pt
* \headsep=25.0pt
* \topskip=11.0pt
* \footskip=30.0pt
* \marginparwidth=50.0pt
* \marginparsep=10.0pt
* \columnsep=10.0pt
* \skip\footins=10.0pt plus 4.0pt minus 2.0pt
* \hoffset=0.0pt
* \voffset=0.0pt
* \mag=1000
* \@twocolumnfalse
* \@twosidefalse
* \@mparswitchfalse
* \@reversemarginfalse
* (1in=72.27pt=25.4mm, 1cm=28.453pt)

(/usr/share/texlive/texmf-dist/tex/context/base/mkii/supp-pdf.mkii
[Loading MPS to PDF converter (version 2006.09.02).]
\scratchcounter=\count308
\scratchdimen=\dimen185
\scratchbox=\box59
\nofMPsegments=\count309
\nofMParguments=\count310
\everyMPshowfont=\toks30
\MPscratchCnt=\count311
\MPscratchDim=\dimen186
\MPnumerator=\count312
\makeMPintoPDFobject=\count313
\everyMPtoPDFconversion=\toks31
) (/usr/share/texlive/texmf-dist/tex/latex/epstopdf-pkg/epstopdf-base.sty
Package: epstopdf-base 2020-01-24 v2.11 Base part for package epstopdf
Package epstopdf-base Info: Redefining graphics rule for `.eps' on input line 485.
 (/usr/share/texlive/texmf-dist/tex/latex/latexconfig/epstopdf-sys.cfg
File: epstopdf-sys.cfg 2010/07/13 v1.3 Configuration of (r)epstopdf for TeX Live
))
Package hyperref Info: Link coloring ON on input line 45.
 (/usr/share/texlive/texmf-dist/tex/latex/hyperref/nameref.sty
Package: nameref 2021-04-02 v2.47 Cross-referencing by name of section
 (/usr/share/texlive/texmf-dist/tex/latex/refcount/refcount.sty
Package: refcount 2019/12/15 v3.6 Data extraction from label references (HO)
) (/usr/share/texlive/texmf-dist/tex/generic/gettitlestring/gettitlestring.sty
Package: gettitlestring 2019/12/15 v1.6 Cleanup title references (HO)
)
\c@section@level=\count314
)
LaTeX Info: Redefining \ref on input line 45.
LaTeX Info: Redefining \pageref on input line 45.
LaTeX Info: Redefining \nameref on input line 45.
\@outlinefile=\write3
\openout3 = `main.out'.

\c@lstlisting=\count315
LaTeX Font Info:    Trying to load font information for OT1+lmr on input line 67.
 (/usr/share/texmf/tex/latex/lm/ot1lmr.fd
File: ot1lmr.fd 2009/10/30 v1.6 Font defs for Latin Modern
)
LaTeX Font Info:    Trying to load font information for OML+lmm on input line 67.
 (/usr/share/texmf/tex/latex/lm/omllmm.fd
File: omllmm.fd 2009/10/30 v1.6 Font defs for Latin Modern
)
LaTeX Font Info:    Trying to load font information for OMS+lmsy on input line 67.
 (/usr/share/texmf/tex/latex/lm/omslmsy.fd
File: omslmsy.fd 2009/10/30 v1.6 Font defs for Latin Modern
)
LaTeX Font Info:    Trying to load font information for OMX+lmex on input line 67.
 (/usr/share/texmf/tex/latex/lm/omxlmex.fd
File: omxlmex.fd 2009/10/30 v1.6 Font defs for Latin Modern
)
LaTeX Font Info:    External font `lmex10' loaded for size
(Font)              <10.95> on input line 67.
LaTeX Font Info:    External font `lmex10' loaded for size
(Font)              <8> on input line 67.
LaTeX Font Info:    External font `lmex10' loaded for size
(Font)              <6> on input line 67.
LaTeX Font Info:    Trying to load font information for U+msa on input line 67.
 (/usr/share/texlive/texmf-dist/tex/latex/amsfonts/umsa.fd
File: umsa.fd 2013/01/14 v3.01 AMS symbols A
)
LaTeX Font Info:    Trying to load font information for U+msb on input line 67.
 (/usr/share/texlive/texmf-dist/tex/latex/amsfonts/umsb.fd
File: umsb.fd 2013/01/14 v3.01 AMS symbols B
) [1

{/var/lib/texmf/fonts/map/pdftex/updmap/pdftex.map}]
\tf@toc=\write4
\openout4 = `main.toc'.

pdfTeX warning (ext4): destination with the same identifier (name{page.1}) has been already used, duplicate ignored
<to be read again> 
                   \relax 
l.88 \newpage
              [1] (./chapters/introduction/introduction.tex

LaTeX Warning: Reference `fig:smart_sim' on page 2 undefined on input line 10.

<chapters/introduction/MC_data_flow-keep-discard_NN.png, id=18, 545.43396pt x 112.49576pt>
File: chapters/introduction/MC_data_flow-keep-discard_NN.png Graphic file (type png)
<use chapters/introduction/MC_data_flow-keep-discard_NN.png>
Package pdftex.def Info: chapters/introduction/MC_data_flow-keep-discard_NN.png  used on input line 15.
(pdftex.def)             Requested size: 455.24411pt x 93.89842pt.

LaTeX Warning: Citation `ai-lab-repo' on page 2 undefined on input line 18.


LaTeX Warning: Citation `ai-lab-repo' on page 2 undefined on input line 18.

) (./chapters/Belle_experiment/belle_exp.tex [2 <./chapters/introduction/MC_data_flow-keep-discard_NN.png>]

LaTeX Warning: Reference `fig:belle-detector-overview' on page 3 undefined on input line 64.


LaTeX Warning: Reference `table:belle-subdetectors' on page 3 undefined on input line 65.

<chapters/Belle_experiment/Overview_collider.png, id=33, 1116.17pt x 626.34pt>
File: chapters/Belle_experiment/Overview_collider.png Graphic file (type png)
<use chapters/Belle_experiment/Overview_collider.png>
Package pdftex.def Info: chapters/Belle_experiment/Overview_collider.png  used on input line 70.
(pdftex.def)             Requested size: 364.19667pt x 204.37044pt.

LaTeX Warning: Citation `belle2-image' on page 3 undefined on input line 72.


Overfull \hbox (14.74869pt too wide) in paragraph at lines 79--90
 [][] 
 []

[3 <./chapters/Belle_experiment/Overview_collider.png>]
<chapters/Belle_experiment/Belle_resonances.png, id=44, 1354.05875pt x 890.32625pt>
File: chapters/Belle_experiment/Belle_resonances.png Graphic file (type png)
<use chapters/Belle_experiment/Belle_resonances.png>
Package pdftex.def Info: chapters/Belle_experiment/Belle_resonances.png  used on input line 112.
(pdftex.def)             Requested size: 341.43307pt x 224.49654pt.


LaTeX Warning: Citation `belle2-Y-resonances' on page 4 undefined on input line 113.

) (./chapters/theory/theory.tex

LaTeX Warning: Reference `fig:deepset' on page 4 undefined on input line 3.

[4 <./chapters/Belle_experiment/Belle_resonances.png>]
<chapters/theory/deep_set.png, id=51, 533.74406pt x 290.58563pt>
File: chapters/theory/deep_set.png Graphic file (type png)
<use chapters/theory/deep_set.png>
Package pdftex.def Info: chapters/theory/deep_set.png  used on input line 7.
(pdftex.def)             Requested size: 318.66948pt x 173.49696pt.


LaTeX Warning: Citation `zaheer2017deep' on page 5 undefined on input line 18.

[5 <./chapters/theory/deep_set.png (PNG copy)>]
<chapters/theory/cnn_vs_gcn.jpg, id=62, 628.6713pt x 352.02484pt>
File: chapters/theory/cnn_vs_gcn.jpg Graphic file (type jpg)
<use chapters/theory/cnn_vs_gcn.jpg>
Package pdftex.def Info: chapters/theory/cnn_vs_gcn.jpg  used on input line 29.
(pdftex.def)             Requested size: 318.66948pt x 178.43988pt.


LaTeX Warning: Reference `fig:gcn' on page 6 undefined on input line 34.


LaTeX Warning: Citation `DBLP:journals/corr/VaswaniSPUJGKP17' on page 6 undefined on input line 47.

[6 <./chapters/theory/cnn_vs_gcn.jpg>]
<chapters/theory/Transformer_architecture.png, id=71, 521.95pt x 584.1825pt>
File: chapters/theory/Transformer_architecture.png Graphic file (type png)
<use chapters/theory/Transformer_architecture.png>
Package pdftex.def Info: chapters/theory/Transformer_architecture.png  used on input line 84.
(pdftex.def)             Requested size: 318.66948pt x 356.67169pt.


LaTeX Warning: Citation `DBLP:journals/corr/VaswaniSPUJGKP17' on page 7 undefined on input line 85.

) (./chapters/methodology/methodology.tex
LaTeX Font Info:    Trying to load font information for TS1+lmr on input line 8.
 (/usr/share/texmf/tex/latex/lm/ts1lmr.fd
File: ts1lmr.fd 2009/10/30 v1.6 Font defs for Latin Modern
)

LaTeX Warning: Reference `sec:Varying_layers_in_the_deepset_model' on page 7 undefined on input line 8.


LaTeX Warning: Reference `ssec:activations' on page 7 undefined on input line 10.

[7 <./chapters/theory/Transformer_architecture.png>]

LaTeX Warning: Reference `ssec:overfitting' on page 8 undefined on input line 11.


LaTeX Warning: Reference `sec:Normalize features' on page 8 undefined on input line 12.


LaTeX Warning: Reference `sec:Unecessary Features' on page 8 undefined on input line 13.


LaTeX Warning: Reference `sec:Exploiting Rotational Symmetry' on page 8 undefined on input line 14.


LaTeX Warning: Reference `sec:Transformer' on page 8 undefined on input line 15.


LaTeX Warning: Reference `fig:graph_example' on page 8 undefined on input line 22.

<chapters/methodology/particle_graph.png, id=80, 1298.8525pt x 630.355pt>
File: chapters/methodology/particle_graph.png Graphic file (type png)
<use chapters/methodology/particle_graph.png>
Package pdftex.def Info: chapters/methodology/particle_graph.png  used on input line 26.
(pdftex.def)             Requested size: 341.43307pt x 165.69669pt.
LaTeX Font Info:    Trying to load font information for T1+lmtt on input line 35.
(/usr/share/texmf/tex/latex/lm/t1lmtt.fd
File: t1lmtt.fd 2009/10/30 v1.6 Font defs for Latin Modern
) [8 <./chapters/methodology/particle_graph.png>]
Overfull \hbox (10.14992pt too wide) in paragraph at lines 60--61
[]\T1/lmtt/m/n/10.95 hidden_layers \T1/lmr/m/n/10.95 (int): Num-ber of hid-den lay-ers. The to-tal num-ber of lay-ers is \T1/lmtt/m/n/10.95 hidden_layers
 []


LaTeX Warning: Reference `tab:deepset_gcn_variable_arc' on page 9 undefined on input line 72.


Overfull \hbox (10.13902pt too wide) in paragraph at lines 79--90
 [][] 
 []


Overfull \hbox (60.50069pt too wide) in paragraph at lines 92--94
[]\T1/lmr/m/n/10.95 After per-form-ing mul-ti-ple cal-cu-la-tions with this ar-chi-tec-ture (see folder saved_models/Layers_investigation),
 []

[9]

LaTeX Warning: Reference `tab:coordinates_investigation' on page 10 undefined on input line 133.

[10]

LaTeX Warning: Reference `tab:validation_metrics_activations' on page 11 undefined on input line 172.

[11]

LaTeX Warning: Reference `app:normalization' on page 12 undefined on input line 197.

<chapters/methodology/feature_importance_comparison.png, id=115, 722.7pt x 361.35pt>
File: chapters/methodology/feature_importance_comparison.png Graphic file (type png)
<use chapters/methodology/feature_importance_comparison.png>
Package pdftex.def Info: chapters/methodology/feature_importance_comparison.png  used on input line 233.
(pdftex.def)             Requested size: 341.43307pt x 170.71672pt.
[12]

LaTeX Warning: Reference `fig:Feature_importance' on page 13 undefined on input line 242.


LaTeX Warning: Citation `goodfellow2016dlbook' on page 13 undefined on input line 257.


LaTeX Warning: Citation `ioffe2015batchnorm' on page 13 undefined on input line 260.


LaTeX Warning: Citation `srivastava2014dropout' on page 13 undefined on input line 263.

[13 <./chapters/methodology/feature_importance_comparison.png>]

LaTeX Warning: Citation `goodfellow2016dlbook' on page 14 undefined on input line 266.


LaTeX Warning: Citation `akiba2019optuna' on page 14 undefined on input line 276.

[14] [15]) (./chapters/models/models.tex [16]

LaTeX Warning: Reference `sec:DeepSet' on page 17 undefined on input line 29.


Overfull \hbox (11.25499pt too wide) in paragraph at lines 29--31
\T1/lmr/m/n/10.95 trans-for-ma-tion is ap-plied in-de-pen-dently to each el-e-ment of the in-put set, fol-lowed by a permutation-
 []


LaTeX Warning: Reference `tab:deepset_arc' on page 17 undefined on input line 32.


LaTeX Warning: Reference `tab:deepset_combined_arc' on page 17 undefined on input line 62.

[17]

LaTeX Warning: Reference `tab:deepset_wgcn_arc' on page 18 undefined on input line 95.


LaTeX Warning: Reference `model:DeepSet_wGCN' on page 18 undefined on input line 115.


LaTeX Warning: Reference `model:CombinedModel' on page 18 undefined on input line 115.


LaTeX Warning: Reference `model:DeepSet_wGCN' on page 18 undefined on input line 118.


LaTeX Warning: Reference `tab:deepset_gcn_combined_arc' on page 18 undefined on input line 119.


LaTeX Warning: Reference `model:CombinedModel_wGCN' on page 18 undefined on input line 141.


LaTeX Warning: Reference `sec:Nomralize features' on page 18 undefined on input line 142.


LaTeX Warning: Reference `model:CombinedModel_wGCN' on page 18 undefined on input line 142.

[18]

LaTeX Warning: Reference `tab:transformer_arc' on page 19 undefined on input line 167.


Overfull \hbox (22.99986pt too wide) in paragraph at lines 173--185
 [][] 
 []


Overfull \hbox (66.14473pt too wide) in paragraph at lines 188--190
\T1/lmr/m/n/10.95 All mod-els were trained on the full train-ing dataset con-tained in \T1/lmtt/m/n/10.95 "smartbkg_dataset_4k_training.parquet"\T1/lmr/m/n/10.95 ,
 []


Overfull \hbox (52.36638pt too wide) in paragraph at lines 191--192
[]\T1/lmr/m/n/10.95 Evaluation was per-formed on the full test dataset con-tained in \T1/lmtt/m/n/10.95 "smartbkg_dataset_4k_testing.parquet"\T1/lmr/m/n/10.95 ,
 []


LaTeX Warning: Reference `tab:train_validation_metrics' on page 19 undefined on input line 193.


LaTeX Warning: Reference `sec:models' on page 19 undefined on input line 193.


LaTeX Warning: `h' float specifier changed to `ht'.

[19]
Overfull \hbox (43.64915pt too wide) in paragraph at lines 215--217
[]\T1/lmr/m/n/10.95 In con-trast, nor-mal-iz-ing the in-put fea-tures slightly re-duces the per-for-mance of the \T1/lmtt/m/n/10.95 deepset_combined_gcn
 []

) (./chapters/Results/results.tex

LaTeX Warning: Reference `sec:methodology' on page 20 undefined on input line 5.


Overfull \hbox (9.67146pt too wide) in paragraph at lines 15--29
 [][] 
 []

[20]

LaTeX Warning: Reference `fig:ROC_curves_results' on page 21 undefined on input line 34.


LaTeX Warning: Reference `fig:speedup' on page 21 undefined on input line 34.


LaTeX Warning: Reference `sec:DeepSet' on page 21 undefined on input line 35.

<chapters/Results/ROC_curves.pdf, id=188, 578.16pt x 433.62pt>
File: chapters/Results/ROC_curves.pdf Graphic file (type pdf)
<use chapters/Results/ROC_curves.pdf>
Package pdftex.def Info: chapters/Results/ROC_curves.pdf  used on input line 42.
(pdftex.def)             Requested size: 341.43307pt x 256.07178pt.

LaTeX Warning: Reference `fig:ROC_curves_results' on page 21 undefined on input line 47.


LaTeX Warning: Reference `sec:Speedup' on page 21 undefined on input line 53.

<chapters/Results/Speedup.png, id=189, 578.16pt x 433.62pt>
File: chapters/Results/Speedup.png Graphic file (type png)
<use chapters/Results/Speedup.png>
Package pdftex.def Info: chapters/Results/Speedup.png  used on input line 58.
(pdftex.def)             Requested size: 341.43307pt x 256.07178pt.
[21 <./chapters/Results/ROC_curves.pdf>]

LaTeX Warning: Reference `fig:ROC_curves_results' on page 22 undefined on input line 63.

! Extra }, or forgotten $.
<template> \unskip \hfil }
                          \hskip \tabcolsep \hskip -.5\arrayrulewidth \vrule...
l.83 ...ed & $0.467$ & $77.6$ & $0.860$ & $5.373 &
                                                   $1.71988$ \\
I've deleted a group-closing symbol because it seems to be
spurious, as in `$x}$'. But perhaps the } is legitimate and
you forgot something else, as in `\hbox{$x}'. In such cases
the way to recover is to insert both the forgotten and the
deleted material, e.g., by typing `I$}'.

! Missing $ inserted.
<inserted text> 
                $
l.83 ...ed & $0.467$ & $77.6$ & $0.860$ & $5.373 &
                                                   $1.71988$ \\
I've inserted a begin-math/end-math symbol since I think
you left one out. Proceed, with fingers crossed.

! Missing } inserted.
<inserted text> 
                }
l.83 ...ed & $0.467$ & $77.6$ & $0.860$ & $5.373 &
                                                   $1.71988$ \\
I've inserted something that you may have forgotten.
(See the <inserted text> above.)
With luck, this will get me unwedged. But if you
really didn't forget anything, try typing `2' now; then
my insertion and my current dilemma will both disappear.


Overfull \hbox (45.42654pt too wide) in paragraph at lines 74--87
 [][] 
 []

) (./chapters/conclusion/conclusion.tex [22 <./chapters/Results/Speedup.png>]) [23] (./chapters/Appendix/appendix.tex) [24] (./main.bbl
Underfull \hbox (badness 1997) in paragraph at lines 37--43
[]\T1/lmr/m/n/10.95 Nikolai Krug.  Prepa-ra-tion ma-te-ri-als for par-ti-cle physics lab group a.  [][]$\T1/lmtt/m/n/10.95 https :
 []


Underfull \hbox (badness 10000) in paragraph at lines 37--43
\T1/lmtt/m/n/10.95 / / gitlab . physik . uni-[]muenchen . de / ai-[]lab / ss25 / pp-[]lab-[]group-[]a / -[] / blob / main /
 []

) [25] (./main.aux)

LaTeX Warning: There were undefined references.


LaTeX Warning: Label(s) may have changed. Rerun to get cross-references right.


Package rerunfilecheck Warning: File `main.out' has changed.
(rerunfilecheck)                Rerun to get outlines right
(rerunfilecheck)                or use package `bookmark'.

Package rerunfilecheck Info: Checksums for `main.out':
(rerunfilecheck)             Before: <no file>
(rerunfilecheck)             After:  E6464E3AAE518770085015B7686546A1;5202.
 ) 
Here is how much of TeX's memory you used:
 14558 strings out of 480247
 220048 string characters out of 5896152
 764837 words of memory out of 5000000
 32128 multiletter control sequences out of 15000+600000
 520617 words of font info for 61 fonts, out of 8000000 for 9000
 14 hyphenation exceptions out of 8191
 68i,13n,77p,683b,1288s stack positions out of 5000i,500n,10000p,200000b,80000s
{/usr/share/texmf/fonts/enc/dvips/lm/lm-ec.enc}{/usr/share/texmf/fonts/enc/dvips/lm/lm-ts1.enc}{/usr/share/texmf/fonts/enc/dvips/lm/lm-mathex.enc}{/usr/share/texmf/fonts/enc/dvips/lm/lm-mathsy.enc}{/usr/share/texmf/fonts/enc/dvips/lm/lm-mathit.enc}{/usr/share/texmf/fonts/enc/dvips/lm/lm-rm.enc}</usr/share/texmf/fonts/type1/public/lm/lmbx10.pfb></usr/share/texmf/fonts/type1/public/lm/lmbx12.pfb></usr/share/texmf/fonts/type1/public/lm/lmcsc10.pfb></usr/share/texmf/fonts/type1/public/lm/lmex10.pfb></usr/share/texmf/fonts/type1/public/lm/lmmi10.pfb></usr/share/texmf/fonts/type1/public/lm/lmmi8.pfb></usr/share/texmf/fonts/type1/public/lm/lmr10.pfb></usr/share/texmf/fonts/type1/public/lm/lmr12.pfb></usr/share/texmf/fonts/type1/public/lm/lmr8.pfb></usr/share/texmf/fonts/type1/public/lm/lmri10.pfb></usr/share/texmf/fonts/type1/public/lm/lmsy10.pfb></usr/share/texmf/fonts/type1/public/lm/lmsy8.pfb></usr/share/texmf/fonts/type1/public/lm/lmtt10.pfb>
Output written on main.pdf (26 pages, 2084222 bytes).
PDF statistics:
 390 PDF objects out of 1000 (max. 8388607)
 268 compressed objects within 3 object streams
 118 named destinations out of 1000 (max. 500000)
 51 words of extra memory for PDF output out of 10000 (max. 10000000)

