\BOOKMARK [1][-]{section.1}{Introduction}{}% 1
\BOOKMARK [1][-]{section.2}{The Belle experiment}{}% 2
\BOOKMARK [2][-]{subsection.2.1}{Problem Description}{section.2}% 3
\BOOKMARK [1][-]{section.3}{Theory}{}% 4
\BOOKMARK [2][-]{subsection.3.1}{Deep Sets}{section.3}% 5
\BOOKMARK [2][-]{subsection.3.2}{Graph Convolutional Neural Networks}{section.3}% 6
\BOOKMARK [2][-]{subsection.3.3}{Multi Layer Perceptron}{section.3}% 7
\BOOKMARK [2][-]{subsection.3.4}{Transformer}{section.3}% 8
\BOOKMARK [1][-]{section.4}{Methodology}{}% 9
\BOOKMARK [2][-]{subsection.4.1}{The Dataset}{section.4}% 10
\BOOKMARK [2][-]{subsection.4.2}{Transforming the feature values}{section.4}% 11
\BOOKMARK [2][-]{subsection.4.3}{Unecessary Features}{section.4}% 12
\BOOKMARK [2][-]{subsection.4.4}{Speedup}{section.4}% 13
\BOOKMARK [1][-]{section.5}{Models}{}% 14
\BOOKMARK [2][-]{subsection.5.1}{General setup}{section.5}% 15
\BOOKMARK [2][-]{subsection.5.2}{DeepSet Model}{section.5}% 16
\BOOKMARK [2][-]{subsection.5.3}{Combined Model}{section.5}% 17
\BOOKMARK [2][-]{subsection.5.4}{DeepSet with GCN}{section.5}% 18
\BOOKMARK [2][-]{subsection.5.5}{Combined Deepset with GCN}{section.5}% 19
\BOOKMARK [2][-]{subsection.5.6}{Combined Deepset with GCN Normalized}{section.5}% 20
\BOOKMARK [2][-]{subsection.5.7}{DeepSet with GCN variable}{section.5}% 21
\BOOKMARK [2][-]{subsection.5.8}{Transformer}{section.5}% 22
\BOOKMARK [1][-]{section.6}{Results}{}% 23
\BOOKMARK [2][-]{subsection.6.1}{Model Evaluation}{section.6}% 24
\BOOKMARK [2][-]{subsection.6.2}{Optimal Model}{section.6}% 25
\BOOKMARK [1][-]{section.7}{Conclusion}{}% 26
